<?xml version="1.0" encoding="UTF-8"?>
<!-- Generated by org.testng.reporters.JUnitReportReporter -->
<testsuite hostname="DESKTOP-J316TCH" name="webElementPage.ContentPlay_TestNG" tests="1" failures="0" timestamp="25 Dec 2021 16:37:51 GMT" time="65.988" errors="0">
  <testcase name="unittest" time="65.988" classname="webElementPage.ContentPlay_TestNG"/>
</testsuite> <!-- webElementPage.ContentPlay_TestNG -->
